[debug] [2024-04-22T22:31:44.019Z] ----------------------------------------------------------------------
[debug] [2024-04-22T22:31:44.021Z] Command:       C:\Program Files\nodejs\node.exe C:\Users\Pacha\AppData\Roaming\npm\node_modules\firebase-tools\lib\bin\firebase.js init
[debug] [2024-04-22T22:31:44.022Z] CLI Version:   13.7.3
[debug] [2024-04-22T22:31:44.022Z] Platform:      win32
[debug] [2024-04-22T22:31:44.022Z] Node Version:  v20.12.2
[debug] [2024-04-22T22:31:44.022Z] Time:          Mon Apr 22 2024 19:31:44 GMT-0300 (hora estándar de Argentina)
[debug] [2024-04-22T22:31:44.022Z] ----------------------------------------------------------------------
[debug] 
[debug] [2024-04-22T22:31:44.027Z] > command requires scopes: ["email","openid","https://www.googleapis.com/auth/cloudplatformprojects.readonly","https://www.googleapis.com/auth/firebase","https://www.googleapis.com/auth/cloud-platform"]
[debug] [2024-04-22T22:31:44.027Z] > authorizing via signed-in user (matipachame16@gmail.com)
[info] 
     ######## #### ########  ######## ########     ###     ######  ########
     ##        ##  ##     ## ##       ##     ##  ##   ##  ##       ##
     ######    ##  ########  ######   ########  #########  ######  ######
     ##        ##  ##    ##  ##       ##     ## ##     ##       ## ##
     ##       #### ##     ## ######## ########  ##     ##  ######  ########

You're about to initialize a Firebase project in this directory:

  C:\Users\Pacha\Documents\Angular\tpclinica

[info] 
=== Project Setup
[info] 
[info] First, let's associate this project directory with a Firebase project.
[info] You can create multiple project aliases by running firebase use --add, 
[info] but for now we'll just set up a default project.
[info] 
[debug] [2024-04-22T22:35:08.585Z] >>> [apiv2][query] GET https://firebase.googleapis.com/v1beta1/projects pageSize=100
[debug] [2024-04-22T22:35:09.187Z] <<< [apiv2][status] GET https://firebase.googleapis.com/v1beta1/projects 200
[debug] [2024-04-22T22:35:09.187Z] <<< [apiv2][body] GET https://firebase.googleapis.com/v1beta1/projects [omitted]
[info] i  Using project turnos-3f181 (turnos) 
[info] 
=== Hosting Setup
[debug] [2024-04-22T22:35:43.467Z] >>> [apiv2][query] GET https://firebase.googleapis.com/v1beta1/projects/turnos-3f181 [none]
[debug] [2024-04-22T22:35:43.770Z] <<< [apiv2][status] GET https://firebase.googleapis.com/v1beta1/projects/turnos-3f181 200
[debug] [2024-04-22T22:35:43.771Z] <<< [apiv2][body] GET https://firebase.googleapis.com/v1beta1/projects/turnos-3f181 {"projectId":"turnos-3f181","projectNumber":"573534155600","displayName":"turnos","name":"projects/turnos-3f181","resources":{"hostingSite":"turnos-3f181"},"state":"ACTIVE","etag":"1_940e9fdc-735c-4e11-88db-a0a66f02e419"}
[info] 
[info] Your public directory is the folder (relative to your project directory) that
[info] will contain Hosting assets to be uploaded with firebase deploy. If you
[info] have a build process for your assets, use your build's output directory.
[info] 
[debug] [2024-04-22T22:40:50.162Z] >>> [apiv2][query] GET https://www.gstatic.com/firebasejs/releases.json [none]
[debug] [2024-04-22T22:40:50.247Z] <<< [apiv2][status] GET https://www.gstatic.com/firebasejs/releases.json 200
[debug] [2024-04-22T22:40:50.247Z] <<< [apiv2][body] GET https://www.gstatic.com/firebasejs/releases.json {"current":{"version":"10.11.0","browserURL":"https://www.gstatic.com/firebasejs/10.11.0/firebase.js","packageURL":"https://www.gstatic.com/firebasejs/10.11.0/firebase.tgz"},"live":{"version":"10.11","browserURL":"https://www.gstatic.com/firebasejs/live/10.11/firebase.js","packageURL":"https://www.gstatic.com/firebasejs/live/10.11/firebase.tgz"},"components":{"analytics":"https://www.gstatic.com/firebasejs/10.11.0/firebase-analytics.js","app":"https://www.gstatic.com/firebasejs/10.11.0/firebase-app.js","app-check":"https://www.gstatic.com/firebasejs/10.11.0/firebase-app-check.js","auth":"https://www.gstatic.com/firebasejs/10.11.0/firebase-auth.js","auth/cordova":"https://www.gstatic.com/firebasejs/10.11.0/firebase-auth/cordova.js","auth/web-extension":"https://www.gstatic.com/firebasejs/10.11.0/firebase-auth/web-extension.js","functions":"https://www.gstatic.com/firebasejs/10.11.0/firebase-functions.js","firestore":"https://www.gstatic.com/firebasejs/10.11.0/firebase-firestore.js","firestore/lite":"https://www.gstatic.com/firebasejs/10.11.0/firebase-firestore/lite.js","installations":"https://www.gstatic.com/firebasejs/10.11.0/firebase-installations.js","storage":"https://www.gstatic.com/firebasejs/10.11.0/firebase-storage.js","performance":"https://www.gstatic.com/firebasejs/10.11.0/firebase-performance.js","remote-config":"https://www.gstatic.com/firebasejs/10.11.0/firebase-remote-config.js","messaging":"https://www.gstatic.com/firebasejs/10.11.0/firebase-messaging.js","messaging/sw":"https://www.gstatic.com/firebasejs/10.11.0/firebase-messaging/sw.js","database":"https://www.gstatic.com/firebasejs/10.11.0/firebase-database.js","firestore.memory":"https://www.gstatic.com/firebasejs/10.11.0/firebase-firestore.memory.js"}}
[info] +  Wrote public/index.html 
[info] 
[info] i  Detected a .git folder at C:\Users\Pacha\Documents\Angular\tpclinica 
[info] i  Authorizing with GitHub to upload your service account to a GitHub repository's secrets store. 
[info] 
[info] Visit this URL on this device to log in:
[info] https://github.com/login/oauth/authorize?client_id=89cf50f02ac6aaed3484&state=223064634&redirect_uri=http%3A%2F%2Flocalhost%3A9005&scope=read%3Auser%20repo%20public_repo
[info] 
[info] Waiting for authentication...
[debug] [2024-04-22T22:40:59.398Z] >>> [apiv2][query] POST https://github.com/login/oauth/access_token [none]
[debug] [2024-04-22T22:40:59.398Z] >>> [apiv2][body] POST https://github.com/login/oauth/access_token [stream]
[debug] [2024-04-22T22:40:59.733Z] <<< [apiv2][status] POST https://github.com/login/oauth/access_token 200
[debug] [2024-04-22T22:40:59.733Z] <<< [apiv2][body] POST https://github.com/login/oauth/access_token {"access_token":"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","token_type":"bearer","scope":"read:user,repo"}
[debug] [2024-04-22T22:40:59.737Z] >>> [apiv2][query] GET https://api.github.com/user [none]
[debug] [2024-04-22T22:41:00.091Z] <<< [apiv2][status] GET https://api.github.com/user 200
[debug] [2024-04-22T22:41:00.091Z] <<< [apiv2][body] GET https://api.github.com/user {"login":"MatiPachame","id":112132577,"node_id":"U_kgDOBq8B4Q","avatar_url":"https://avatars.githubusercontent.com/u/112132577?v=4","gravatar_id":"","url":"https://api.github.com/users/MatiPachame","html_url":"https://github.com/MatiPachame","followers_url":"https://api.github.com/users/MatiPachame/followers","following_url":"https://api.github.com/users/MatiPachame/following{/other_user}","gists_url":"https://api.github.com/users/MatiPachame/gists{/gist_id}","starred_url":"https://api.github.com/users/MatiPachame/starred{/owner}{/repo}","subscriptions_url":"https://api.github.com/users/MatiPachame/subscriptions","organizations_url":"https://api.github.com/users/MatiPachame/orgs","repos_url":"https://api.github.com/users/MatiPachame/repos","events_url":"https://api.github.com/users/MatiPachame/events{/privacy}","received_events_url":"https://api.github.com/users/MatiPachame/received_events","type":"User","site_admin":false,"name":null,"company":null,"blog":"","location":null,"email":null,"hireable":null,"bio":null,"twitter_username":null,"public_repos":9,"public_gists":0,"followers":0,"following":0,"created_at":"2022-08-25T22:36:19Z","updated_at":"2024-04-17T14:14:20Z","private_gists":0,"total_private_repos":1,"owned_private_repos":1,"disk_usage":729,"collaborators":0,"two_factor_authentication":false,"plan":{"name":"free","space":976562499,"collaborators":0,"private_repos":10000}}
[info] 
[info] +  Success! Logged into GitHub as MatiPachame 
[info] 
